[0212/151406.623:INFO:CONSOLE(0)] "Error with Permissions-Policy header: Feature window-management's parameters are ignored.", source:  (0)
[0212/151406.623:INFO:CONSOLE(0)] "Error with Permissions-Policy header: Unrecognized feature: 'ambient-light-sensor'.", source:  (0)
[0212/151406.623:INFO:CONSOLE(0)] "Error with Permissions-Policy header: Unrecognized feature: 'bluetooth'.", source:  (0)
[0212/151406.624:INFO:CONSOLE(0)] "Error with Permissions-Policy header: Unrecognized feature: 'gamepad'.", source:  (0)
[0212/151406.624:INFO:CONSOLE(0)] "Error with Permissions-Policy header: Unrecognized feature: 'local-fonts'.", source:  (0)
[0212/151406.625:INFO:CONSOLE(0)] "Error with Permissions-Policy header: Unrecognized feature: 'window-management'.", source:  (0)
[0212/151459.494:WARNING:backend_impl.cc(1630)] Messed up entry found.
[0212/151459.494:WARNING:backend_impl.cc(1826)] Destroying invalid entry.
[0212/151459.494:WARNING:backend_impl.cc(1826)] Destroying invalid entry.
[0212/151459.530:WARNING:backend_impl.cc(1826)] Destroying invalid entry.
[0212/151459.530:WARNING:backend_impl.cc(1826)] Destroying invalid entry.
[0212/151459.530:WARNING:backend_impl.cc(1826)] Destroying invalid entry.
[0212/151459.530:WARNING:backend_impl.cc(1826)] Destroying invalid entry.
[0212/151459.530:WARNING:backend_impl.cc(1826)] Destroying invalid entry.
[0212/151459.530:WARNING:backend_impl.cc(1826)] Destroying invalid entry.
[0212/151459.530:WARNING:backend_impl.cc(1826)] Destroying invalid entry.
[0212/151459.530:WARNING:backend_impl.cc(1826)] Destroying invalid entry.
[0212/151459.530:WARNING:backend_impl.cc(1826)] Destroying invalid entry.
[0212/151459.531:WARNING:backend_impl.cc(1826)] Destroying invalid entry.
[0212/151459.531:WARNING:backend_impl.cc(1826)] Destroying invalid entry.
[0212/151459.531:WARNING:backend_impl.cc(1826)] Destroying invalid entry.
[0212/151459.531:WARNING:backend_impl.cc(1826)] Destroying invalid entry.
[0212/151459.531:WARNING:backend_impl.cc(1826)] Destroying invalid entry.
[0212/151459.531:WARNING:backend_impl.cc(1826)] Destroying invalid entry.
[0212/151459.532:WARNING:backend_impl.cc(1826)] Destroying invalid entry.
[0212/151459.532:WARNING:backend_impl.cc(1826)] Destroying invalid entry.
[0212/151459.532:WARNING:backend_impl.cc(1826)] Destroying invalid entry.
[0212/151459.532:WARNING:backend_impl.cc(1826)] Destroying invalid entry.
[0212/151459.532:WARNING:backend_impl.cc(1826)] Destroying invalid entry.
[0212/151459.532:WARNING:backend_impl.cc(1826)] Destroying invalid entry.
[0212/151459.533:WARNING:backend_impl.cc(1826)] Destroying invalid entry.
[0212/151459.533:WARNING:backend_impl.cc(1826)] Destroying invalid entry.
[0212/151459.533:WARNING:backend_impl.cc(1826)] Destroying invalid entry.
[0212/151459.533:WARNING:backend_impl.cc(1826)] Destroying invalid entry.
[0212/151459.533:WARNING:backend_impl.cc(1826)] Destroying invalid entry.
[0212/151459.533:WARNING:backend_impl.cc(1826)] Destroying invalid entry.
[0212/151459.533:WARNING:backend_impl.cc(1826)] Destroying invalid entry.
[0212/151459.534:WARNING:backend_impl.cc(1826)] Destroying invalid entry.
[0212/151459.534:WARNING:backend_impl.cc(1826)] Destroying invalid entry.
[0212/151459.534:WARNING:backend_impl.cc(1826)] Destroying invalid entry.
[0212/151459.534:WARNING:backend_impl.cc(1826)] Destroying invalid entry.
[0212/151459.534:WARNING:backend_impl.cc(1826)] Destroying invalid entry.
[0212/151459.535:WARNING:backend_impl.cc(1826)] Destroying invalid entry.
[0212/151459.535:WARNING:backend_impl.cc(1826)] Destroying invalid entry.
[0212/151459.535:WARNING:backend_impl.cc(1826)] Destroying invalid entry.
[0212/151459.535:WARNING:backend_impl.cc(1826)] Destroying invalid entry.
[0212/151459.535:WARNING:backend_impl.cc(1826)] Destroying invalid entry.
[0212/151459.535:WARNING:backend_impl.cc(1826)] Destroying invalid entry.
[0212/151459.536:WARNING:backend_impl.cc(1826)] Destroying invalid entry.
[0212/151459.536:WARNING:backend_impl.cc(1826)] Destroying invalid entry.
[0212/151459.536:WARNING:backend_impl.cc(1826)] Destroying invalid entry.
[0212/151459.536:WARNING:backend_impl.cc(1826)] Destroying invalid entry.
[0212/151459.536:WARNING:backend_impl.cc(1826)] Destroying invalid entry.
[0212/151459.536:WARNING:backend_impl.cc(1826)] Destroying invalid entry.
[0212/151459.537:WARNING:backend_impl.cc(1826)] Destroying invalid entry.
[0212/151459.537:WARNING:backend_impl.cc(1826)] Destroying invalid entry.
[0212/151459.537:WARNING:backend_impl.cc(1826)] Destroying invalid entry.
[0212/151459.537:WARNING:backend_impl.cc(1826)] Destroying invalid entry.
[0212/151459.537:WARNING:backend_impl.cc(1826)] Destroying invalid entry.
[0212/151459.537:WARNING:backend_impl.cc(1826)] Destroying invalid entry.
[0212/151459.538:WARNING:backend_impl.cc(1826)] Destroying invalid entry.
[0212/151459.538:WARNING:backend_impl.cc(1826)] Destroying invalid entry.
[0212/151459.538:WARNING:backend_impl.cc(1826)] Destroying invalid entry.
[0212/151459.538:WARNING:backend_impl.cc(1826)] Destroying invalid entry.
[0212/151459.538:WARNING:backend_impl.cc(1826)] Destroying invalid entry.
[0212/151459.538:WARNING:backend_impl.cc(1826)] Destroying invalid entry.
[0212/151459.538:WARNING:backend_impl.cc(1826)] Destroying invalid entry.
[0212/151459.538:WARNING:backend_impl.cc(1826)] Destroying invalid entry.
[0212/151459.540:WARNING:backend_impl.cc(1826)] Destroying invalid entry.
[0212/151459.540:WARNING:backend_impl.cc(1826)] Destroying invalid entry.
[0212/151459.540:WARNING:backend_impl.cc(1826)] Destroying invalid entry.
[0212/151459.540:WARNING:backend_impl.cc(1826)] Destroying invalid entry.
[0212/151459.540:WARNING:backend_impl.cc(1826)] Destroying invalid entry.
[0212/151459.540:WARNING:backend_impl.cc(1826)] Destroying invalid entry.
[0212/151459.542:WARNING:backend_impl.cc(1826)] Destroying invalid entry.
[0212/151459.543:WARNING:backend_impl.cc(1826)] Destroying invalid entry.
[0212/151459.543:WARNING:backend_impl.cc(1826)] Destroying invalid entry.
[0212/151459.544:WARNING:backend_impl.cc(1826)] Destroying invalid entry.
[0212/151459.544:WARNING:backend_impl.cc(1826)] Destroying invalid entry.
[0212/151459.545:WARNING:backend_impl.cc(1826)] Destroying invalid entry.
[0212/151459.545:WARNING:backend_impl.cc(1826)] Destroying invalid entry.
[0212/151459.545:WARNING:backend_impl.cc(1826)] Destroying invalid entry.
[0212/151459.546:WARNING:backend_impl.cc(1826)] Destroying invalid entry.
[0212/151459.549:WARNING:backend_impl.cc(1826)] Destroying invalid entry.
[0212/151459.549:WARNING:backend_impl.cc(1826)] Destroying invalid entry.
[0212/151459.550:WARNING:backend_impl.cc(1826)] Destroying invalid entry.
[0212/151504.704:WARNING:backend_impl.cc(1826)] Destroying invalid entry.
[0212/151504.704:WARNING:backend_impl.cc(1826)] Destroying invalid entry.
[0212/151504.704:WARNING:backend_impl.cc(1826)] Destroying invalid entry.
[0212/151504.704:WARNING:backend_impl.cc(1826)] Destroying invalid entry.
[0212/151504.705:WARNING:backend_impl.cc(1826)] Destroying invalid entry.
